{"name": "test_invalidCredentials", "status": "broken", "statusDetails": {"message": "selenium.common.exceptions.NoSuchElementException: Message: no such element: Unable to locate element: {\"method\":\"xpath\",\"selector\":\"//h6[text()='Dashboard']\"}\n  (Session info: chrome=128.0.6613.85); For documentation on this error, please visit: https://www.selenium.dev/documentation/webdriver/troubleshooting/errors#no-such-element-exception\nStacktrace:\n\tGetHandleVerifier [0x00007FF6CC27B632+29090]\n\t(No symbol) [0x00007FF6CC1EE6E9]\n\t(No symbol) [0x00007FF6CC0AB1CA]\n\t(No symbol) [0x00007FF6CC0FEFD7]\n\t(No symbol) [0x00007FF6CC0FF22C]\n\t(No symbol) [0x00007FF6CC1497F7]\n\t(No symbol) [0x00007FF6CC12672F]\n\t(No symbol) [0x00007FF6CC1465D9]\n\t(No symbol) [0x00007FF6CC126493]\n\t(No symbol) [0x00007FF6CC0F09B1]\n\t(No symbol) [0x00007FF6CC0F1B11]\n\tGetHandleVerifier [0x00007FF6CC59881D+3294093]\n\tGetHandleVerifier [0x00007FF6CC5E4403+3604339]\n\tGetHandleVerifier [0x00007FF6CC5DA2C7+3563063]\n\tGetHandleVerifier [0x00007FF6CC336F16+797318]\n\t(No symbol) [0x00007FF6CC1F986F]\n\t(No symbol) [0x00007FF6CC1F5454]\n\t(No symbol) [0x00007FF6CC1F55E0]\n\t(No symbol) [0x00007FF6CC1E4A7F]\n\tBaseThreadInitThunk [0x00007FFD74D27374+20]\n\tRtlUserThreadStart [0x00007FFD76AFCC91+33]", "trace": "test_setUp = None\n\n    @allure.description(\"Invalid OrangeHRM Login Credentials\")\n    @allure.severity(severity_level='NORMAL')\n    def test_invalidCredentials(test_setUp):\n        driver.find_element(By.NAME, \"username\").send_keys(\"Admin\")\n        driver.find_element(By.NAME, \"password\").send_keys(\"admin12\")\n        driver.find_element(By.XPATH, \"//button[normalize-space(text()='Login')]\").click()\n>       dashboard_text = driver.find_element(By.XPATH, \"//h6[text()='Dashboard']\").text\n\noperations\\test_Login_Example1.py:34: \n_ _ _ _ _ _ _ _ _ _ _ _ _ _ _ _ _ _ _ _ _ _ _ _ _ _ _ _ _ _ _ _ _ _ _ _ _ _ _ _ _ _ _ _ _ _\nvenv\\Lib\\site-packages\\selenium\\webdriver\\remote\\webdriver.py:748: in find_element\n    return self.execute(Command.FIND_ELEMENT, {\"using\": by, \"value\": value})[\"value\"]\nvenv\\Lib\\site-packages\\selenium\\webdriver\\remote\\webdriver.py:354: in execute\n    self.error_handler.check_response(response)\n_ _ _ _ _ _ _ _ _ _ _ _ _ _ _ _ _ _ _ _ _ _ _ _ _ _ _ _ _ _ _ _ _ _ _ _ _ _ _ _ _ _ _ _ _ _\n\nself = <selenium.webdriver.remote.errorhandler.ErrorHandler object at 0x000001AAC4E1FE60>\nresponse = {'status': 404, 'value': '{\"value\":{\"error\":\"no such element\",\"message\":\"no such element: Unable to locate element: {\\...07FF6CC1E4A7F]\\\\n\\\\tBaseThreadInitThunk [0x00007FFD74D27374+20]\\\\n\\\\tRtlUserThreadStart [0x00007FFD76AFCC91+33]\\\\n\"}}'}\n\n    def check_response(self, response: Dict[str, Any]) -> None:\n        \"\"\"Checks that a JSON response from the WebDriver does not have an\n        error.\n    \n        :Args:\n         - response - The JSON response from the WebDriver server as a dictionary\n           object.\n    \n        :Raises: If the response contains an error message.\n        \"\"\"\n        status = response.get(\"status\", None)\n        if not status or status == ErrorCode.SUCCESS:\n            return\n        value = None\n        message = response.get(\"message\", \"\")\n        screen: str = response.get(\"screen\", \"\")\n        stacktrace = None\n        if isinstance(status, int):\n            value_json = response.get(\"value\", None)\n            if value_json and isinstance(value_json, str):\n                import json\n    \n                try:\n                    value = json.loads(value_json)\n                    if len(value) == 1:\n                        value = value[\"value\"]\n                    status = value.get(\"error\", None)\n                    if not status:\n                        status = value.get(\"status\", ErrorCode.UNKNOWN_ERROR)\n                        message = value.get(\"value\") or value.get(\"message\")\n                        if not isinstance(message, str):\n                            value = message\n                            message = message.get(\"message\")\n                    else:\n                        message = value.get(\"message\", None)\n                except ValueError:\n                    pass\n    \n        exception_class: Type[WebDriverException]\n        e = ErrorCode()\n        error_codes = [item for item in dir(e) if not item.startswith(\"__\")]\n        for error_code in error_codes:\n            error_info = getattr(ErrorCode, error_code)\n            if isinstance(error_info, list) and status in error_info:\n                exception_class = getattr(ExceptionMapping, error_code, WebDriverException)\n                break\n        else:\n            exception_class = WebDriverException\n    \n        if not value:\n            value = response[\"value\"]\n        if isinstance(value, str):\n            raise exception_class(value)\n        if message == \"\" and \"message\" in value:\n            message = value[\"message\"]\n    \n        screen = None  # type: ignore[assignment]\n        if \"screen\" in value:\n            screen = value[\"screen\"]\n    \n        stacktrace = None\n        st_value = value.get(\"stackTrace\") or value.get(\"stacktrace\")\n        if st_value:\n            if isinstance(st_value, str):\n                stacktrace = st_value.split(\"\\n\")\n            else:\n                stacktrace = []\n                try:\n                    for frame in st_value:\n                        line = frame.get(\"lineNumber\", \"\")\n                        file = frame.get(\"fileName\", \"<anonymous>\")\n                        if line:\n                            file = f\"{file}:{line}\"\n                        meth = frame.get(\"methodName\", \"<anonymous>\")\n                        if \"className\" in frame:\n                            meth = f\"{frame['className']}.{meth}\"\n                        msg = \"    at %s (%s)\"\n                        msg = msg % (meth, file)\n                        stacktrace.append(msg)\n                except TypeError:\n                    pass\n        if exception_class == UnexpectedAlertPresentException:\n            alert_text = None\n            if \"data\" in value:\n                alert_text = value[\"data\"].get(\"text\")\n            elif \"alert\" in value:\n                alert_text = value[\"alert\"].get(\"text\")\n            raise exception_class(message, screen, stacktrace, alert_text)  # type: ignore[call-arg]  # mypy is not smart enough here\n>       raise exception_class(message, screen, stacktrace)\nE       selenium.common.exceptions.NoSuchElementException: Message: no such element: Unable to locate element: {\"method\":\"xpath\",\"selector\":\"//h6[text()='Dashboard']\"}\nE         (Session info: chrome=128.0.6613.85); For documentation on this error, please visit: https://www.selenium.dev/documentation/webdriver/troubleshooting/errors#no-such-element-exception\nE       Stacktrace:\nE       \tGetHandleVerifier [0x00007FF6CC27B632+29090]\nE       \t(No symbol) [0x00007FF6CC1EE6E9]\nE       \t(No symbol) [0x00007FF6CC0AB1CA]\nE       \t(No symbol) [0x00007FF6CC0FEFD7]\nE       \t(No symbol) [0x00007FF6CC0FF22C]\nE       \t(No symbol) [0x00007FF6CC1497F7]\nE       \t(No symbol) [0x00007FF6CC12672F]\nE       \t(No symbol) [0x00007FF6CC1465D9]\nE       \t(No symbol) [0x00007FF6CC126493]\nE       \t(No symbol) [0x00007FF6CC0F09B1]\nE       \t(No symbol) [0x00007FF6CC0F1B11]\nE       \tGetHandleVerifier [0x00007FF6CC59881D+3294093]\nE       \tGetHandleVerifier [0x00007FF6CC5E4403+3604339]\nE       \tGetHandleVerifier [0x00007FF6CC5DA2C7+3563063]\nE       \tGetHandleVerifier [0x00007FF6CC336F16+797318]\nE       \t(No symbol) [0x00007FF6CC1F986F]\nE       \t(No symbol) [0x00007FF6CC1F5454]\nE       \t(No symbol) [0x00007FF6CC1F55E0]\nE       \t(No symbol) [0x00007FF6CC1E4A7F]\nE       \tBaseThreadInitThunk [0x00007FFD74D27374+20]\nE       \tRtlUserThreadStart [0x00007FFD76AFCC91+33]\n\nvenv\\Lib\\site-packages\\selenium\\webdriver\\remote\\errorhandler.py:229: NoSuchElementException"}, "description": "Invalid OrangeHRM Login Credentials", "start": 1724843059572, "stop": 1724843092047, "uuid": "22383786-4f36-405b-951b-b22b8516a65d", "historyId": "29fc9d24f14ca69ede12b497d22fa52e", "testCaseId": "29fc9d24f14ca69ede12b497d22fa52e", "fullName": "operations.test_Login_Example1#test_invalidCredentials", "labels": [{"name": "severity", "value": "NORMAL"}, {"name": "parentSuite", "value": "operations"}, {"name": "suite", "value": "test_Login_Example1"}, {"name": "host", "value": "DESKTOP-UE9RKPH"}, {"name": "thread", "value": "8492-MainThread"}, {"name": "framework", "value": "pytest"}, {"name": "language", "value": "cpython3"}, {"name": "package", "value": "operations.test_Login_Example1"}]}